<?xml version="1.0" encoding="UTF-8"?>
<!-- Generated by org.testng.reporters.JUnitReportReporter -->
<testsuite hostname="INLEN8520045799" failures="0" tests="12" name="Runner.TestRunner" time="7.055" errors="0" timestamp="2022-08-17T10:16:45 IST" skipped="0">
  <testcase classname="Runner.TestRunner" name="runScenario" time="1.351"/>
  <system-out/>
  <testcase classname="Runner.TestRunner" name="runScenario" time="0.360"/>
  <system-out/>
  <testcase classname="Runner.TestRunner" name="runScenario" time="0.229"/>
  <system-out/>
  <testcase classname="Runner.TestRunner" name="runScenario" time="0.329"/>
  <system-out/>
  <testcase classname="Runner.TestRunner" name="runScenario" time="0.318"/>
  <system-out/>
  <testcase classname="Runner.TestRunner" name="runScenario" time="0.212"/>
  <system-out/>
  <testcase classname="Runner.TestRunner" name="runScenario" time="2.440"/>
  <system-out/>
  <testcase classname="Runner.TestRunner" name="runScenario" time="0.437"/>
  <system-out/>
  <testcase classname="Runner.TestRunner" name="runScenario" time="0.417"/>
  <system-out/>
  <testcase classname="Runner.TestRunner" name="runScenario" time="0.333"/>
  <system-out/>
  <testcase classname="Runner.TestRunner" name="runScenario" time="0.400"/>
  <system-out/>
  <testcase classname="Runner.TestRunner" name="runScenario" time="0.229"/>
  <system-out/>
</testsuite> <!-- Runner.TestRunner -->
